<?xml version="1.0" encoding="UTF-8"?>
<!-- Generated by org.testng.reporters.JUnitReportReporter -->
<testsuite hostname="TYSS-Chaithra" failures="0" tests="1" name="basic.CRUDOperations.DeleteProjectTest" time="1.657" errors="0" timestamp="2022-09-22T16:47:12 IST" skipped="0">
  <testcase classname="basic.CRUDOperations.DeleteProjectTest" name="deleteProject" time="1.657"/>
  <system-out/>
</testsuite> <!-- basic.CRUDOperations.DeleteProjectTest -->
