<?xml version="1.0" encoding="UTF-8"?>
<!-- Generated by org.testng.reporters.JUnitReportReporter -->
<testsuite hostname="TYSS-Chaithra" failures="0" tests="1" name="RequestChaining.CreateProjectAndGet" time="1.666" errors="0" timestamp="2022-09-28T12:38:03 IST" skipped="0">
  <testcase classname="RequestChaining.CreateProjectAndGet" name="cretaeAndGet" time="1.666"/>
  <system-out/>
</testsuite> <!-- RequestChaining.CreateProjectAndGet -->
