<?xml version="1.0" encoding="UTF-8"?>
<!-- Generated by org.testng.reporters.JUnitReportReporter -->
<testsuite hostname="TYSS-Chaithra" failures="0" tests="1" name="basic.CRUDOperations.GetAllProjectsTest" time="1.763" errors="0" timestamp="2022-09-22T16:39:38 IST" skipped="0">
  <testcase classname="basic.CRUDOperations.GetAllProjectsTest" name="getAllProject" time="1.763"/>
  <system-out/>
</testsuite> <!-- basic.CRUDOperations.GetAllProjectsTest -->
