<?xml version="1.0" encoding="UTF-8"?>
<!-- Generated by org.testng.reporters.JUnitReportReporter -->
<testsuite hostname="TYSS-Chaithra" failures="0" tests="1" name="Parameters.QueryParameter" time="1.367" errors="0" timestamp="2022-09-28T11:43:10 IST" skipped="0">
  <testcase classname="Parameters.QueryParameter" name="queryParameter" time="1.367"/>
  <system-out/>
</testsuite> <!-- Parameters.QueryParameter -->
