<?xml version="1.0" encoding="UTF-8"?>
<!-- Generated by org.testng.reporters.JUnitReportReporter -->
<testsuite hostname="TYSS-Chaithra" failures="0" tests="1" name="Authentications.Oauth2_0Authentication" time="3.178" errors="0" timestamp="2022-09-28T16:02:30 IST" skipped="0">
  <testcase classname="Authentications.Oauth2_0Authentication" name="Oauth2Auth" time="3.178"/>
  <system-out/>
</testsuite> <!-- Authentications.Oauth2_0Authentication -->
