<?xml version="1.0" encoding="UTF-8"?>
<!-- Generated by org.testng.reporters.JUnitReportReporter -->
<testsuite hostname="TYSS-Chaithra" failures="0" tests="1" name="Parameters.FormParameter" time="1.135" errors="0" timestamp="2022-09-28T11:52:40 IST" skipped="0">
  <testcase classname="Parameters.FormParameter" name="formParameter" time="1.135"/>
  <system-out/>
</testsuite> <!-- Parameters.FormParameter -->
