<?xml version="1.0" encoding="UTF-8"?>
<!-- Generated by org.testng.reporters.JUnitReportReporter -->
<testsuite hostname="TYSS-Chaithra" failures="0" tests="1" name="Parameters.PathParameter" time="1.118" errors="0" timestamp="2022-09-28T11:36:20 IST" skipped="0">
  <testcase classname="Parameters.PathParameter" name="pathParameter" time="1.118"/>
  <system-out/>
</testsuite> <!-- Parameters.PathParameter -->
