<?xml version="1.0" encoding="UTF-8"?>
<!-- Generated by org.testng.reporters.JUnitReportReporter -->
<testsuite hostname="TYSS-Chaithra" failures="0" tests="1" name="bdd.CRUDOperations.CreateProjectTest" time="3.158" errors="0" timestamp="2022-09-23T15:43:10 IST" skipped="0">
  <testcase classname="bdd.CRUDOperations.CreateProjectTest" name="createProject" time="3.158"/>
  <system-out/>
</testsuite> <!-- bdd.CRUDOperations.CreateProjectTest -->
