<?xml version="1.0" encoding="UTF-8"?>
<!-- Generated by org.testng.reporters.JUnitReportReporter -->
<testsuite hostname="TYSS-Chaithra" failures="0" tests="1" name="ResponseValidation.DynamicResponseValidation" time="1.884" errors="0" timestamp="2022-09-26T16:15:54 IST" skipped="0">
  <testcase classname="ResponseValidation.DynamicResponseValidation" name="dynamicResponseV" time="1.884"/>
  <system-out/>
</testsuite> <!-- ResponseValidation.DynamicResponseValidation -->
