<?xml version="1.0" encoding="UTF-8"?>
<!-- Generated by org.testng.reporters.JUnitReportReporter -->
<testsuite hostname="TYSS-Chaithra" failures="0" tests="1" name="DifferentWaysToPOST.CreateProjectUsingJSONFile" time="1.137" errors="0" timestamp="2022-09-23T16:29:07 IST" skipped="0">
  <testcase classname="DifferentWaysToPOST.CreateProjectUsingJSONFile" name="createProject" time="1.137"/>
  <system-out/>
</testsuite> <!-- DifferentWaysToPOST.CreateProjectUsingJSONFile -->
