<?xml version="1.0" encoding="UTF-8"?>
<!-- Generated by org.testng.reporters.JUnitReportReporter -->
<testsuite hostname="TYSS-Chaithra" failures="0" tests="1" name="SerializationDeserialization.Deserialization" time="0.357" errors="0" timestamp="2022-09-20T16:20:02 IST" skipped="0">
  <testcase classname="SerializationDeserialization.Deserialization" name="deserializationTest" time="0.357"/>
  <system-out/>
</testsuite> <!-- SerializationDeserialization.Deserialization -->
