<?xml version="1.0" encoding="UTF-8"?>
<!-- Generated by org.testng.reporters.JUnitReportReporter -->
<testsuite hostname="TYSS-Chaithra" failures="0" tests="1" name="SerializationDeserialization.SerializeWithArray" time="0.115" errors="0" timestamp="2022-09-29T14:10:30 IST" skipped="0">
  <testcase classname="SerializationDeserialization.SerializeWithArray" name="serialiseWithArray" time="0.115"/>
  <system-out/>
</testsuite> <!-- SerializationDeserialization.SerializeWithArray -->
