<?xml version="1.0" encoding="UTF-8"?>
<!-- Generated by org.testng.reporters.JUnitReportReporter -->
<testsuite hostname="TYSS-Chaithra" failures="0" tests="1" name="DifferentWaysToPOST.CreateProjectUsingPOJO" time="1.242" errors="0" timestamp="2022-09-23T16:38:45 IST" skipped="0">
  <testcase classname="DifferentWaysToPOST.CreateProjectUsingPOJO" name="createProject" time="1.242"/>
  <system-out/>
</testsuite> <!-- DifferentWaysToPOST.CreateProjectUsingPOJO -->
