<?xml version="1.0" encoding="UTF-8"?>
<!-- Generated by org.testng.reporters.JUnitReportReporter -->
<testsuite hostname="TYSS-Chaithra" failures="0" tests="1" name="bdd.CRUDOperations.GetAllProjectsTest" time="1.507" errors="0" timestamp="2022-09-28T11:33:15 IST" skipped="0">
  <testcase classname="bdd.CRUDOperations.GetAllProjectsTest" name="getAllProject" time="1.507"/>
  <system-out/>
</testsuite> <!-- bdd.CRUDOperations.GetAllProjectsTest -->
