<?xml version="1.0" encoding="UTF-8"?>
<!-- Generated by org.testng.reporters.JUnitReportReporter -->
<testsuite hostname="TYSS-Chaithra" failures="0" tests="1" name="SerializationDeserialization.SerializeWithObject" time="0.107" errors="0" timestamp="2022-09-29T14:10:40 IST" skipped="0">
  <testcase classname="SerializationDeserialization.SerializeWithObject" name="serialisationwithObjectTest" time="0.107"/>
  <system-out/>
</testsuite> <!-- SerializationDeserialization.SerializeWithObject -->
