<?xml version="1.0" encoding="UTF-8"?>
<!-- Generated by org.testng.reporters.JUnitReportReporter -->
<testsuite hostname="TYSS-Chaithra" failures="0" tests="1" name="basic.CRUDOperations.CreateProjectTest" time="1.978" errors="0" timestamp="2022-09-22T16:28:21 IST" skipped="0">
  <testcase classname="basic.CRUDOperations.CreateProjectTest" name="createProjectTest" time="1.978"/>
  <system-out/>
</testsuite> <!-- basic.CRUDOperations.CreateProjectTest -->
