<?xml version="1.0" encoding="UTF-8"?>
<!-- Generated by org.testng.reporters.JUnitReportReporter -->
<testsuite hostname="TYSS-Chaithra" failures="0" tests="1" name="Authentications.BasicAuthentication" time="1.948" errors="0" timestamp="2022-09-28T14:58:34 IST" skipped="0">
  <testcase classname="Authentications.BasicAuthentication" name="preemptiveAuth" time="1.948"/>
  <system-out/>
</testsuite> <!-- Authentications.BasicAuthentication -->
