<?xml version="1.0" encoding="UTF-8"?>
<!-- Generated by org.testng.reporters.JUnitReportReporter -->
<testsuite hostname="TYSS-Chaithra" failures="0" tests="1" name="DifferentWaysToPOST.CreateProjectUsingJSONobject" time="1.348" errors="0" timestamp="2022-09-23T16:19:30 IST" skipped="0">
  <testcase classname="DifferentWaysToPOST.CreateProjectUsingJSONobject" name="createProject" time="1.348"/>
  <system-out/>
</testsuite> <!-- DifferentWaysToPOST.CreateProjectUsingJSONobject -->
