<?xml version="1.0" encoding="UTF-8"?>
<!-- Generated by org.testng.reporters.JUnitReportReporter -->
<testsuite hostname="TYSS-Chaithra" failures="0" tests="1" name="basic.CRUDOperations.UpdateProjectTest" time="1.945" errors="0" timestamp="2022-09-22T16:44:00 IST" skipped="0">
  <testcase classname="basic.CRUDOperations.UpdateProjectTest" name="updateProject" time="1.945"/>
  <system-out/>
</testsuite> <!-- basic.CRUDOperations.UpdateProjectTest -->
