<?xml version="1.0" encoding="UTF-8"?>
<!-- Generated by org.testng.reporters.JUnitReportReporter -->
<testsuite hostname="TYSS-Chaithra" failures="0" tests="1" name="DifferentWaysToPOST.CreateProjectUisngHashMap" time="1.284" errors="0" timestamp="2022-09-23T16:24:38 IST" skipped="0">
  <testcase classname="DifferentWaysToPOST.CreateProjectUisngHashMap" name="createProject" time="1.284"/>
  <system-out/>
</testsuite> <!-- DifferentWaysToPOST.CreateProjectUisngHashMap -->
